Added Component: Designator=C1(0402)
Added Component: Designator=C2(0402)
Added Component: Designator=C3(0402)
Added Component: Designator=C4(0402)
Added Component: Designator=C5(0402)
Added Component: Designator=C6(0402)
Added Component: Designator=C7(0402)
Added Component: Designator=C8(0402)
Added Component: Designator=C9(0402)
Added Component: Designator=C10(0402)
Added Component: Designator=C11(0402)
Added Component: Designator=C12(0402)
Added Component: Designator=C13(0402)
Added Component: Designator=C14(0402)
Added Component: Designator=C15(0402)
Added Component: Designator=C16(0402)
Added Component: Designator=C17(0402)
Added Component: Designator=C18(0402)
Added Component: Designator=C19(0402)
Added Component: Designator=C20(0402)
Added Component: Designator=C21(0402)
Added Component: Designator=C22(0402)
Added Component: Designator=C23(0402)
Added Component: Designator=C24(0402)
Added Component: Designator=C25(0402)
Added Component: Designator=C26(0402)
Added Component: Designator=C27(0402)
Added Component: Designator=C30(0402)
Added Component: Designator=C31(0402)
Added Component: Designator=D1(0603)
Added Component: Designator=D2(6-0805_N)
Added Component: Designator=D3(6-0805_N)
Added Component: Designator=J1(HDR1X2)
Added Component: Designator=J2(HDR1X2)
Added Component: Designator=J3(HDR1X2)
Added Component: Designator=J4(HDR1X2)
Added Component: Designator=L1(0402-A)
Added Component: Designator=LED1(J1-0603)
Added Component: Designator=LED2(J1-0603)
Added Component: Designator=LED3(J1-0603)
Added Component: Designator=LED4(J1-0603)
Added Component: Designator=LED5(J1-0603)
Added Component: Designator=LED6(J1-0603)
Added Component: Designator=LED7(J1-0603)
Added Component: Designator=P0(HDR1X4)
Added Component: Designator=P1(HDR1X2)
Added Component: Designator=P2(HDR2X3)
Added Component: Designator=P3(HDR1X2)
Added Component: Designator=P4(HDR2X4)
Added Component: Designator=P5(HDR1X6)
Added Component: Designator=P6(HDR2X4)
Added Component: Designator=Q1(SOT-23_M)
Added Component: Designator=Q2(SOT-23_M)
Added Component: Designator=Q3(SOT-23_M)
Added Component: Designator=Q4(SOT-23_M)
Added Component: Designator=Q5(SOT-23_M)
Added Component: Designator=Q6(SOT-23_M)
Added Component: Designator=R1(0402)
Added Component: Designator=R2(0402)
Added Component: Designator=R3(0402)
Added Component: Designator=R4(0402)
Added Component: Designator=R5(0402)
Added Component: Designator=R6(0402)
Added Component: Designator=R7(0402)
Added Component: Designator=R8(0402)
Added Component: Designator=R9(0402)
Added Component: Designator=R10(0402)
Added Component: Designator=R11(0402)
Added Component: Designator=R12(0402)
Added Component: Designator=R13(0402)
Added Component: Designator=R14(0402)
Added Component: Designator=R15(0402)
Added Component: Designator=R16(0402)
Added Component: Designator=R17(0402)
Added Component: Designator=R18(0402)
Added Component: Designator=R19(0402)
Added Component: Designator=R20(0402)
Added Component: Designator=R21(0402)
Added Component: Designator=R22(0402)
Added Component: Designator=R23(0402)
Added Component: Designator=R24(0402)
Added Component: Designator=R25(0402)
Added Component: Designator=R26(0402)
Added Component: Designator=RESET(SWFOOT)
Added Component: Designator=SW1(HDR1X2)
Added Component: Designator=U1(LQFP48S)
Added Component: Designator=U2(SSOP16_M)
Added Component: Designator=U3(SOT223_M)
Added Component: Designator=U4(SOT-233)
Added Component: Designator=U5(SOT223_M)
Added Component: Designator=U6(QFN24)
Added Component: Designator=U7(MS5611 - duplicate)
Added Component: Designator=U8(HMC5883L)
Added Component: Designator=U9(SOT223_M)
Added Component: Designator=USB1(Micro_USB)
Added Component: Designator=Y1(XTAL2)
Added Component: Designator=Y2(XTAL2)
Added Pin To Net: NetName=NRST Pin=C1-1
Added Pin To Net: NetName=GND Pin=C1-2
Added Pin To Net: NetName=GND Pin=C2-2
Added Pin To Net: NetName=GND Pin=C3-2
Added Pin To Net: NetName=GND Pin=C4-2
Added Pin To Net: NetName=GND Pin=C5-1
Added Pin To Net: NetName=GND Pin=C6-1
Added Pin To Net: NetName=NetC6_2 Pin=C6-2
Added Pin To Net: NetName=GND Pin=C7-2
Added Pin To Net: NetName=GND Pin=C8-1
Added Pin To Net: NetName=GND Pin=C9-2
Added Pin To Net: NetName=GND Pin=C10-2
Added Pin To Net: NetName=GND Pin=C11-2
Added Pin To Net: NetName=GND Pin=C12-2
Added Pin To Net: NetName=GND Pin=C14-2
Added Pin To Net: NetName=GND Pin=C15-2
Added Pin To Net: NetName=GND Pin=C16-2
Added Pin To Net: NetName=GND Pin=C17-2
Added Pin To Net: NetName=GND Pin=C18-2
Added Pin To Net: NetName=GND Pin=C19-2
Added Pin To Net: NetName=GND Pin=C20-1
Added Pin To Net: NetName=GND Pin=C21-1
Added Pin To Net: NetName=GND Pin=C22-1
Added Pin To Net: NetName=GND Pin=C23-1
Added Pin To Net: NetName=GND Pin=C24-1
Added Pin To Net: NetName=GND Pin=C26-1
Added Pin To Net: NetName=GND Pin=C27-1
Added Pin To Net: NetName=GND Pin=C30-2
Added Pin To Net: NetName=GND Pin=C31-2
Added Pin To Net: NetName=NRST Pin=D1-1
Added Pin To Net: NetName=NetJ1_1 Pin=J1-1
Added Pin To Net: NetName=NetJ2_2 Pin=J2-2
Added Pin To Net: NetName=NetJ3_1 Pin=J3-1
Added Pin To Net: NetName=NetJ4_2 Pin=J4-2
Added Pin To Net: NetName=GND Pin=LED1-2
Added Pin To Net: NetName=GND Pin=LED2-2
Added Pin To Net: NetName=GND Pin=LED3-2
Added Pin To Net: NetName=GND Pin=LED4-2
Added Pin To Net: NetName=GND Pin=LED5-2
Added Pin To Net: NetName=GND Pin=LED6-2
Added Pin To Net: NetName=GND Pin=LED7-2
Added Pin To Net: NetName=GND Pin=P0-1
Added Pin To Net: NetName=GND Pin=P2-5
Added Pin To Net: NetName=GND Pin=P2-6
Added Pin To Net: NetName=GND Pin=P3-1
Added Pin To Net: NetName=GND Pin=P4-1
Added Pin To Net: NetName=GND Pin=P5-4
Added Pin To Net: NetName=GND Pin=P6-2
Added Pin To Net: NetName=PWM1 Pin=Q3-1
Added Pin To Net: NetName=GND Pin=Q3-2
Added Pin To Net: NetName=NetJ1_1 Pin=Q3-3
Added Pin To Net: NetName=PWM2 Pin=Q4-1
Added Pin To Net: NetName=GND Pin=Q4-2
Added Pin To Net: NetName=NetJ2_2 Pin=Q4-3
Added Pin To Net: NetName=PWM3 Pin=Q5-1
Added Pin To Net: NetName=GND Pin=Q5-2
Added Pin To Net: NetName=NetJ3_1 Pin=Q5-3
Added Pin To Net: NetName=PWM4 Pin=Q6-1
Added Pin To Net: NetName=GND Pin=Q6-2
Added Pin To Net: NetName=NetJ4_2 Pin=Q6-3
Added Pin To Net: NetName=NRST Pin=R1-1
Added Pin To Net: NetName=BOOT0 Pin=R5-2
Added Pin To Net: NetName=BOOT0 Pin=R6-2
Added Pin To Net: NetName=BOOT1 Pin=R7-1
Added Pin To Net: NetName=GND Pin=R9-2
Added Pin To Net: NetName=GND Pin=R11-1
Added Pin To Net: NetName=HW_INT Pin=R14-1
Added Pin To Net: NetName=GND Pin=R15-1
Added Pin To Net: NetName=PWM1 Pin=R15-2
Added Pin To Net: NetName=GND Pin=R16-1
Added Pin To Net: NetName=PWM2 Pin=R16-2
Added Pin To Net: NetName=GND Pin=R17-1
Added Pin To Net: NetName=PWM3 Pin=R17-2
Added Pin To Net: NetName=GND Pin=R18-1
Added Pin To Net: NetName=PWM4 Pin=R18-2
Added Pin To Net: NetName=LED1 Pin=R19-2
Added Pin To Net: NetName=NRST Pin=RESET-1
Added Pin To Net: NetName=GND Pin=RESET-2
Added Pin To Net: NetName=NRST Pin=U1-7
Added Pin To Net: NetName=GND Pin=U1-8
Added Pin To Net: NetName=PWM1 Pin=U1-10
Added Pin To Net: NetName=PWM2 Pin=U1-11
Added Pin To Net: NetName=PWM3 Pin=U1-12
Added Pin To Net: NetName=PWM4 Pin=U1-13
Added Pin To Net: NetName=BOOT1 Pin=U1-20
Added Pin To Net: NetName=GND Pin=U1-23
Added Pin To Net: NetName=LED1 Pin=U1-29
Added Pin To Net: NetName=GND Pin=U1-35
Added Pin To Net: NetName=HW_INT Pin=U1-40
Added Pin To Net: NetName=BOOT0 Pin=U1-44
Added Pin To Net: NetName=GND Pin=U1-47
Added Pin To Net: NetName=GND Pin=U2-1
Added Pin To Net: NetName=NetC6_2 Pin=U2-4
Added Pin To Net: NetName=GND Pin=U3-2
Added Pin To Net: NetName=GND Pin=U4-2
Added Pin To Net: NetName=GND Pin=U5-2
Added Pin To Net: NetName=GND Pin=U6-1
Added Pin To Net: NetName=GND Pin=U6-9
Added Pin To Net: NetName=GND Pin=U6-11
Added Pin To Net: NetName=GND Pin=U6-15
Added Pin To Net: NetName=GND Pin=U6-17
Added Pin To Net: NetName=GND Pin=U6-18
Added Pin To Net: NetName=GND Pin=U7-3
Added Pin To Net: NetName=GND Pin=U7-4
Added Pin To Net: NetName=GND Pin=U7-5
Added Pin To Net: NetName=GND Pin=U8-9
Added Pin To Net: NetName=GND Pin=U8-11
Added Pin To Net: NetName=HW_INT Pin=U8-15
Added Pin To Net: NetName=GND Pin=U9-2
Added Pin To Net: NetName=GND Pin=USB1-5
Added Pin To Net: NetName=BAT_DET Pin=C27-2
Added Pin To Net: NetName=BAT_DET Pin=R8-2
Added Pin To Net: NetName=BAT_DET Pin=R9-1
Added Pin To Net: NetName=BAT_DET Pin=U1-18
Added Net: Name=BAT_DET
Added Pin To Net: NetName=BT_EN Pin=U1-25
Added Pin To Net: NetName=BT_EN Pin=U5-3
Added Net: Name=BT_EN
Added Pin To Net: NetName=DN Pin=U2-6
Added Pin To Net: NetName=DN Pin=USB1-2
Added Net: Name=DN
Added Pin To Net: NetName=DP Pin=U2-5
Added Pin To Net: NetName=DP Pin=USB1-3
Added Net: Name=DP
Added Pin To Net: NetName=DTR Pin=R3-1
Added Pin To Net: NetName=DTR Pin=U2-13
Added Net: Name=DTR
Added Pin To Net: NetName=I2C_SCL Pin=R13-1
Added Pin To Net: NetName=I2C_SCL Pin=U1-21
Added Pin To Net: NetName=I2C_SCL Pin=U6-23
Added Net: Name=I2C_SCL
Added Pin To Net: NetName=I2C_SDA Pin=R12-1
Added Pin To Net: NetName=I2C_SDA Pin=U1-22
Added Pin To Net: NetName=I2C_SDA Pin=U6-24
Added Net: Name=I2C_SDA
Added Pin To Net: NetName=LED2 Pin=R20-2
Added Pin To Net: NetName=LED2 Pin=U1-32
Added Net: Name=LED2
Added Pin To Net: NetName=LED3 Pin=R21-2
Added Pin To Net: NetName=LED3 Pin=U1-42
Added Net: Name=LED3
Added Pin To Net: NetName=LED4 Pin=R22-2
Added Pin To Net: NetName=LED4 Pin=U1-43
Added Net: Name=LED4
Added Pin To Net: NetName=MP_INT Pin=R26-2
Added Pin To Net: NetName=MP_INT Pin=U1-41
Added Pin To Net: NetName=MP_INT Pin=U6-12
Added Net: Name=MP_INT
Added Pin To Net: NetName=NetC7_1 Pin=C7-1
Added Pin To Net: NetName=NetC7_1 Pin=U2-8
Added Pin To Net: NetName=NetC7_1 Pin=Y2-2
Added Net: Name=NetC7_1
Added Pin To Net: NetName=NetC8_2 Pin=C8-2
Added Pin To Net: NetName=NetC8_2 Pin=U2-7
Added Pin To Net: NetName=NetC8_2 Pin=Y2-1
Added Net: Name=NetC8_2
Added Pin To Net: NetName=NetC13_2 Pin=C13-2
Added Pin To Net: NetName=NetC13_2 Pin=R10-1
Added Pin To Net: NetName=NetC13_2 Pin=R11-2
Added Pin To Net: NetName=NetC13_2 Pin=U4-3
Added Net: Name=NetC13_2
Added Pin To Net: NetName=NetC19_1 Pin=C19-1
Added Pin To Net: NetName=NetC19_1 Pin=U6-20
Added Net: Name=NetC19_1
Added Pin To Net: NetName=NetC20_2 Pin=C20-2
Added Pin To Net: NetName=NetC20_2 Pin=U6-10
Added Net: Name=NetC20_2
Added Pin To Net: NetName=NetC24_2 Pin=C24-2
Added Pin To Net: NetName=NetC24_2 Pin=U8-10
Added Net: Name=NetC24_2
Added Pin To Net: NetName=NetC25_1 Pin=C25-1
Added Pin To Net: NetName=NetC25_1 Pin=U8-12
Added Net: Name=NetC25_1
Added Pin To Net: NetName=NetC25_2 Pin=C25-2
Added Pin To Net: NetName=NetC25_2 Pin=U8-8
Added Net: Name=NetC25_2
Added Pin To Net: NetName=NetD1_2 Pin=D1-2
Added Pin To Net: NetName=NetD1_2 Pin=Q1-1
Added Pin To Net: NetName=NetD1_2 Pin=R2-1
Added Net: Name=NetD1_2
Added Pin To Net: NetName=NetD3_1 Pin=D3-1
Added Pin To Net: NetName=NetD3_1 Pin=L1-2
Added Pin To Net: NetName=NetD3_1 Pin=U4-1
Added Net: Name=NetD3_1
Added Pin To Net: NetName=NetLED1_1 Pin=LED1-1
Added Pin To Net: NetName=NetLED1_1 Pin=R19-1
Added Net: Name=NetLED1_1
Added Pin To Net: NetName=NetLED2_1 Pin=LED2-1
Added Pin To Net: NetName=NetLED2_1 Pin=R20-1
Added Net: Name=NetLED2_1
Added Pin To Net: NetName=NetLED3_1 Pin=LED3-1
Added Pin To Net: NetName=NetLED3_1 Pin=R21-1
Added Net: Name=NetLED3_1
Added Pin To Net: NetName=NetLED4_1 Pin=LED4-1
Added Pin To Net: NetName=NetLED4_1 Pin=R22-1
Added Net: Name=NetLED4_1
Added Pin To Net: NetName=NetLED5_1 Pin=LED5-1
Added Pin To Net: NetName=NetLED5_1 Pin=R23-1
Added Net: Name=NetLED5_1
Added Pin To Net: NetName=NetLED6_1 Pin=LED6-1
Added Pin To Net: NetName=NetLED6_1 Pin=R24-1
Added Net: Name=NetLED6_1
Added Pin To Net: NetName=NetLED7_1 Pin=LED7-1
Added Pin To Net: NetName=NetLED7_1 Pin=R25-1
Added Net: Name=NetLED7_1
Added Pin To Net: NetName=NetP2_3 Pin=P2-3
Added Pin To Net: NetName=NetP2_3 Pin=R6-1
Added Net: Name=NetP2_3
Added Pin To Net: NetName=NetP2_4 Pin=P2-4
Added Pin To Net: NetName=NetP2_4 Pin=R7-2
Added Net: Name=NetP2_4
Added Pin To Net: NetName=NetP3_2 Pin=P3-2
Added Pin To Net: NetName=NetP3_2 Pin=SW1-1
Added Net: Name=NetP3_2
Added Pin To Net: NetName=NetQ1_2 Pin=Q1-2
Added Pin To Net: NetName=NetQ1_2 Pin=R3-2
Added Net: Name=NetQ1_2
Added Pin To Net: NetName=NetQ2_1 Pin=Q2-1
Added Pin To Net: NetName=NetQ2_1 Pin=R5-1
Added Net: Name=NetQ2_1
Added Pin To Net: NetName=NetQ2_2 Pin=Q2-2
Added Pin To Net: NetName=NetQ2_2 Pin=R4-2
Added Net: Name=NetQ2_2
Added Pin To Net: NetName=NRF_CE Pin=P4-3
Added Pin To Net: NetName=NRF_CE Pin=U1-33
Added Net: Name=NRF_CE
Added Pin To Net: NetName=NRF_CS Pin=P4-4
Added Pin To Net: NetName=NRF_CS Pin=U1-14
Added Net: Name=NRF_CS
Added Pin To Net: NetName=NRF_IRQ Pin=P4-8
Added Pin To Net: NetName=NRF_IRQ Pin=U1-38
Added Net: Name=NRF_IRQ
Added Pin To Net: NetName=NRF_MISO Pin=P4-7
Added Pin To Net: NetName=NRF_MISO Pin=U1-16
Added Net: Name=NRF_MISO
Added Pin To Net: NetName=NRF_MOSI Pin=P4-6
Added Pin To Net: NetName=NRF_MOSI Pin=U1-17
Added Net: Name=NRF_MOSI
Added Pin To Net: NetName=NRF_SCK Pin=P4-5
Added Pin To Net: NetName=NRF_SCK Pin=U1-15
Added Net: Name=NRF_SCK
Added Pin To Net: NetName=OSC_IN Pin=C5-2
Added Pin To Net: NetName=OSC_IN Pin=U1-5
Added Pin To Net: NetName=OSC_IN Pin=Y1-1
Added Net: Name=OSC_IN
Added Pin To Net: NetName=OSC_OUT Pin=C4-1
Added Pin To Net: NetName=OSC_OUT Pin=U1-6
Added Pin To Net: NetName=OSC_OUT Pin=Y1-2
Added Net: Name=OSC_OUT
Added Pin To Net: NetName=Q_SCL Pin=U6-7
Added Pin To Net: NetName=Q_SCL Pin=U7-8
Added Pin To Net: NetName=Q_SCL Pin=U8-1
Added Net: Name=Q_SCL
Added Pin To Net: NetName=Q_SDA Pin=U6-6
Added Pin To Net: NetName=Q_SDA Pin=U7-7
Added Pin To Net: NetName=Q_SDA Pin=U8-16
Added Net: Name=Q_SDA
Added Pin To Net: NetName=RTS Pin=Q1-3
Added Pin To Net: NetName=RTS Pin=R4-1
Added Pin To Net: NetName=RTS Pin=U2-14
Added Net: Name=RTS
Added Pin To Net: NetName=RXD_BT Pin=P1-2
Added Pin To Net: NetName=RXD_BT Pin=P5-3
Added Pin To Net: NetName=RXD_BT Pin=P6-1
Added Pin To Net: NetName=RXD_BT Pin=U1-31
Added Pin To Net: NetName=RXD_BT Pin=U2-3
Added Net: Name=RXD_BT
Added Pin To Net: NetName=SWCLK Pin=P0-3
Added Pin To Net: NetName=SWCLK Pin=U1-37
Added Net: Name=SWCLK
Added Pin To Net: NetName=SWDIO Pin=P0-4
Added Pin To Net: NetName=SWDIO Pin=U1-34
Added Net: Name=SWDIO
Added Pin To Net: NetName=TXD_BT Pin=P1-1
Added Pin To Net: NetName=TXD_BT Pin=P5-2
Added Pin To Net: NetName=TXD_BT Pin=P6-8
Added Pin To Net: NetName=TXD_BT Pin=U1-30
Added Pin To Net: NetName=TXD_BT Pin=U2-2
Added Net: Name=TXD_BT
Added Pin To Net: NetName=V3D3 Pin=C2-1
Added Pin To Net: NetName=V3D3 Pin=C3-1
Added Pin To Net: NetName=V3D3 Pin=C9-1
Added Pin To Net: NetName=V3D3 Pin=C10-1
Added Pin To Net: NetName=V3D3 Pin=C18-1
Added Pin To Net: NetName=V3D3 Pin=C21-2
Added Pin To Net: NetName=V3D3 Pin=C22-2
Added Pin To Net: NetName=V3D3 Pin=C23-2
Added Pin To Net: NetName=V3D3 Pin=C26-2
Added Pin To Net: NetName=V3D3 Pin=P0-2
Added Pin To Net: NetName=V3D3 Pin=P2-1
Added Pin To Net: NetName=V3D3 Pin=P2-2
Added Pin To Net: NetName=V3D3 Pin=P4-2
Added Pin To Net: NetName=V3D3 Pin=Q2-3
Added Pin To Net: NetName=V3D3 Pin=R1-2
Added Pin To Net: NetName=V3D3 Pin=R2-2
Added Pin To Net: NetName=V3D3 Pin=R12-2
Added Pin To Net: NetName=V3D3 Pin=R13-2
Added Pin To Net: NetName=V3D3 Pin=R14-2
Added Pin To Net: NetName=V3D3 Pin=R23-2
Added Pin To Net: NetName=V3D3 Pin=R26-1
Added Pin To Net: NetName=V3D3 Pin=U1-9
Added Pin To Net: NetName=V3D3 Pin=U1-24
Added Pin To Net: NetName=V3D3 Pin=U1-36
Added Pin To Net: NetName=V3D3 Pin=U1-48
Added Pin To Net: NetName=V3D3 Pin=U6-3
Added Pin To Net: NetName=V3D3 Pin=U6-8
Added Pin To Net: NetName=V3D3 Pin=U6-13
Added Pin To Net: NetName=V3D3 Pin=U7-1
Added Pin To Net: NetName=V3D3 Pin=U7-2
Added Pin To Net: NetName=V3D3 Pin=U8-2
Added Pin To Net: NetName=V3D3 Pin=U8-13
Added Net: Name=V3D3
Added Pin To Net: NetName=V5D0 Pin=C13-1
Added Pin To Net: NetName=V5D0 Pin=C14-1
Added Pin To Net: NetName=V5D0 Pin=C15-1
Added Pin To Net: NetName=V5D0 Pin=D2-2
Added Pin To Net: NetName=V5D0 Pin=D3-2
Added Pin To Net: NetName=V5D0 Pin=R10-2
Added Pin To Net: NetName=V5D0 Pin=U2-16
Added Pin To Net: NetName=V5D0 Pin=U3-1
Added Pin To Net: NetName=V5D0 Pin=U3-3
Added Pin To Net: NetName=V5D0 Pin=U5-1
Added Pin To Net: NetName=V5D0 Pin=U9-1
Added Net: Name=V5D0
Added Pin To Net: NetName=V33BT Pin=C16-1
Added Pin To Net: NetName=V33BT Pin=C17-1
Added Pin To Net: NetName=V33BT Pin=P5-5
Added Net: Name=V33BT
Added Pin To Net: NetName=V33WIFI Pin=C30-1
Added Pin To Net: NetName=V33WIFI Pin=C31-1
Added Pin To Net: NetName=V33WIFI Pin=P6-7
Added Net: Name=V33WIFI
Added Pin To Net: NetName=VBUS Pin=D2-1
Added Pin To Net: NetName=VBUS Pin=R24-2
Added Pin To Net: NetName=VBUS Pin=USB1-1
Added Net: Name=VBUS
Added Pin To Net: NetName=VSYS Pin=C11-1
Added Pin To Net: NetName=VSYS Pin=C12-1
Added Pin To Net: NetName=VSYS Pin=J1-2
Added Pin To Net: NetName=VSYS Pin=J2-1
Added Pin To Net: NetName=VSYS Pin=J3-2
Added Pin To Net: NetName=VSYS Pin=J4-1
Added Pin To Net: NetName=VSYS Pin=L1-1
Added Pin To Net: NetName=VSYS Pin=R8-1
Added Pin To Net: NetName=VSYS Pin=SW1-2
Added Pin To Net: NetName=VSYS Pin=U4-4
Added Net: Name=VSYS
Added Pin To Net: NetName=WIFI_EN Pin=U1-27
Added Pin To Net: NetName=WIFI_EN Pin=U9-3
Added Net: Name=WIFI_EN
Added Pin To Net: NetName=WIFI_IO0 Pin=P6-6
Added Pin To Net: NetName=WIFI_IO0 Pin=U1-46
Added Net: Name=WIFI_IO0
Added Pin To Net: NetName=WIFI_IO2 Pin=P6-4
Added Pin To Net: NetName=WIFI_IO2 Pin=U1-45
Added Net: Name=WIFI_IO2
Added Pin To Net: NetName=WIFI_IO16 Pin=P6-5
Added Pin To Net: NetName=WIFI_IO16 Pin=U1-28
Added Net: Name=WIFI_IO16
Added Pin To Net: NetName=WIFI_PD Pin=P6-3
Added Pin To Net: NetName=WIFI_PD Pin=U1-39
Added Net: Name=WIFI_PD
Added Pin To Net: NetName=WLBT_EN Pin=P5-6
Added Pin To Net: NetName=WLBT_EN Pin=U1-26
Added Net: Name=WLBT_EN
Added Pin To Net: NetName=WLBT_STATE Pin=P5-1
Added Pin To Net: NetName=WLBT_STATE Pin=R25-2
Added Net: Name=WLBT_STATE
Added Class: Name=02_MCU
Added Class: Name=03_Power
Added Class: Name=04_Sensor
Added Class: Name=05_Motor
Added Class: Name=06_LEDs
Added Class: Name=07_Wireless
Added Room: Name=02_MCU
Added Room: Name=03_Power
Added Room: Name=04_Sensor
Added Room: Name=05_Motor
Added Room: Name=06_LEDs
Added Room: Name=07_Wireless
